[02-Oct-2018 18:30:07 UTC] PHP Warning:  PDO::__construct() expects parameter 4 to be array, integer given in /home/ubuntu/workspace/URL_Project/db_connect_PDO.php on line 19
[02-Oct-2018 18:30:07 UTC] PHP Stack trace:
[02-Oct-2018 18:30:07 UTC] PHP   1. {main}() /home/ubuntu/workspace/URL_Project/db_connect_PDO.php:0
[02-Oct-2018 18:30:07 UTC] PHP   2. PDO->__construct() /home/ubuntu/workspace/URL_Project/db_connect_PDO.php:19
[02-Oct-2018 18:30:07 UTC] PHP Fatal error:  Call to a member function setAttribute() on a non-object in /home/ubuntu/workspace/URL_Project/db_connect_PDO.php on line 20
[02-Oct-2018 18:30:07 UTC] PHP Stack trace:
[02-Oct-2018 18:30:07 UTC] PHP   1. {main}() /home/ubuntu/workspace/URL_Project/db_connect_PDO.php:0
[02-Oct-2018 18:45:56 UTC] PHP Parse error:  syntax error, unexpected 'echo' (T_ECHO), expecting ',' or ';' in /home/ubuntu/workspace/URL_Project/db_connect_PDO.php on line 25
[02-Oct-2018 20:11:33 UTC] PHP Warning:  require_once(../DB/database.php): failed to open stream: No such file or directory in /home/ubuntu/workspace/URL_Project/index.php on line 2
[02-Oct-2018 20:11:33 UTC] PHP Stack trace:
[02-Oct-2018 20:11:33 UTC] PHP   1. {main}() /home/ubuntu/workspace/URL_Project/index.php:0
[02-Oct-2018 20:11:33 UTC] PHP Fatal error:  require_once(): Failed opening required '../DB/database.php' (include_path='.:/usr/share/php:/usr/share/pear') in /home/ubuntu/workspace/URL_Project/index.php on line 2
[02-Oct-2018 20:11:33 UTC] PHP Stack trace:
[02-Oct-2018 20:11:33 UTC] PHP   1. {main}() /home/ubuntu/workspace/URL_Project/index.php:0
[02-Oct-2018 20:12:49 UTC] PHP Parse error:  syntax error, unexpected '?>', expecting function (T_FUNCTION) in /home/ubuntu/workspace/URL_Project/DB/database.php on line 41
[02-Oct-2018 20:12:49 UTC] PHP Stack trace:
[02-Oct-2018 20:12:49 UTC] PHP   1. {main}() /home/ubuntu/workspace/URL_Project/index.php:0
[02-Oct-2018 20:13:52 UTC] PHP Warning:  require_once(../config/Config.php): failed to open stream: No such file or directory in /home/ubuntu/workspace/URL_Project/DB/database.php on line 3
[02-Oct-2018 20:13:52 UTC] PHP Stack trace:
[02-Oct-2018 20:13:52 UTC] PHP   1. {main}() /home/ubuntu/workspace/URL_Project/index.php:0
[02-Oct-2018 20:13:52 UTC] PHP   2. require_once() /home/ubuntu/workspace/URL_Project/index.php:2
[02-Oct-2018 20:13:52 UTC] PHP Fatal error:  require_once(): Failed opening required '../config/Config.php' (include_path='.:/usr/share/php:/usr/share/pear') in /home/ubuntu/workspace/URL_Project/DB/database.php on line 3
[02-Oct-2018 20:13:52 UTC] PHP Stack trace:
[02-Oct-2018 20:13:52 UTC] PHP   1. {main}() /home/ubuntu/workspace/URL_Project/index.php:0
[02-Oct-2018 20:13:52 UTC] PHP   2. require_once() /home/ubuntu/workspace/URL_Project/index.php:2
[02-Oct-2018 20:16:47 UTC] PHP Warning:  require_once(../config/Config.php): failed to open stream: No such file or directory in /home/ubuntu/workspace/URL_Project/DB/Database.php on line 3
[02-Oct-2018 20:16:47 UTC] PHP Stack trace:
[02-Oct-2018 20:16:47 UTC] PHP   1. {main}() /home/ubuntu/workspace/URL_Project/index.php:0
[02-Oct-2018 20:16:47 UTC] PHP   2. require_once() /home/ubuntu/workspace/URL_Project/index.php:2
[02-Oct-2018 20:16:47 UTC] PHP Fatal error:  require_once(): Failed opening required '../config/Config.php' (include_path='.:/usr/share/php:/usr/share/pear') in /home/ubuntu/workspace/URL_Project/DB/Database.php on line 3
[02-Oct-2018 20:16:47 UTC] PHP Stack trace:
[02-Oct-2018 20:16:47 UTC] PHP   1. {main}() /home/ubuntu/workspace/URL_Project/index.php:0
[02-Oct-2018 20:16:47 UTC] PHP   2. require_once() /home/ubuntu/workspace/URL_Project/index.php:2
[02-Oct-2018 20:21:30 UTC] PHP Warning:  require_once(../config/Config.php): failed to open stream: No such file or directory in /home/ubuntu/workspace/URL_Project/DB/Database.php on line 3
[02-Oct-2018 20:21:30 UTC] PHP Stack trace:
[02-Oct-2018 20:21:30 UTC] PHP   1. {main}() /home/ubuntu/workspace/URL_Project/index.php:0
[02-Oct-2018 20:21:30 UTC] PHP   2. require_once() /home/ubuntu/workspace/URL_Project/index.php:2
[02-Oct-2018 20:21:30 UTC] PHP Fatal error:  require_once(): Failed opening required '../config/Config.php' (include_path='.:/usr/share/php:/usr/share/pear') in /home/ubuntu/workspace/URL_Project/DB/Database.php on line 3
[02-Oct-2018 20:21:30 UTC] PHP Stack trace:
[02-Oct-2018 20:21:30 UTC] PHP   1. {main}() /home/ubuntu/workspace/URL_Project/index.php:0
[02-Oct-2018 20:21:30 UTC] PHP   2. require_once() /home/ubuntu/workspace/URL_Project/index.php:2
[02-Oct-2018 20:22:47 UTC] PHP Parse error:  syntax error, unexpected '=' in /home/ubuntu/workspace/URL_Project/DB/Database.php on line 2
[02-Oct-2018 20:22:47 UTC] PHP Stack trace:
[02-Oct-2018 20:22:47 UTC] PHP   1. {main}() /home/ubuntu/workspace/URL_Project/index.php:0
[02-Oct-2018 20:34:20 UTC] PHP Fatal error:  Call to private Database::__construct() from invalid context in /home/ubuntu/workspace/URL_Project/index.php on line 5
[02-Oct-2018 20:34:20 UTC] PHP Stack trace:
[02-Oct-2018 20:34:20 UTC] PHP   1. {main}() /home/ubuntu/workspace/URL_Project/index.php:0
[02-Oct-2018 20:37:18 UTC] PHP Fatal error:  Call to private Database::__construct() from invalid context in /home/ubuntu/workspace/URL_Project/index.php on line 5
[02-Oct-2018 20:37:18 UTC] PHP Stack trace:
[02-Oct-2018 20:37:18 UTC] PHP   1. {main}() /home/ubuntu/workspace/URL_Project/index.php:0
[02-Oct-2018 20:54:43 UTC] PHP Fatal error:  Cannot use try without catch or finally in /home/ubuntu/workspace/URL_Project/index.php on line 24
[02-Oct-2018 20:55:59 UTC] PHP Fatal error:  Call to undefined method Database::prepare() in /home/ubuntu/workspace/URL_Project/index.php on line 9
[02-Oct-2018 20:55:59 UTC] PHP Stack trace:
[02-Oct-2018 20:55:59 UTC] PHP   1. {main}() /home/ubuntu/workspace/URL_Project/index.php:0
[02-Oct-2018 20:59:51 UTC] PHP Fatal error:  Class 'DB' not found in /home/ubuntu/workspace/URL_Project/DB/Database.php on line 47
[02-Oct-2018 20:59:51 UTC] PHP Stack trace:
[02-Oct-2018 20:59:51 UTC] PHP   1. {main}() /home/ubuntu/workspace/URL_Project/index.php:0
[02-Oct-2018 20:59:51 UTC] PHP   2. Database::getInstance() /home/ubuntu/workspace/URL_Project/index.php:6
[02-Oct-2018 21:00:18 UTC] PHP Fatal error:  Class 'DB' not found in /home/ubuntu/workspace/URL_Project/DB/Database.php on line 47
[02-Oct-2018 21:00:18 UTC] PHP Stack trace:
[02-Oct-2018 21:00:18 UTC] PHP   1. {main}() /home/ubuntu/workspace/URL_Project/index.php:0
[02-Oct-2018 21:00:18 UTC] PHP   2. Database::getInstance() /home/ubuntu/workspace/URL_Project/index.php:6
[02-Oct-2018 21:01:18 UTC] PHP Fatal error:  Call to undefined method Database::prepare() in /home/ubuntu/workspace/URL_Project/index.php on line 9
[02-Oct-2018 21:01:18 UTC] PHP Stack trace:
[02-Oct-2018 21:01:18 UTC] PHP   1. {main}() /home/ubuntu/workspace/URL_Project/index.php:0
[02-Oct-2018 21:01:45 UTC] PHP Fatal error:  Call to undefined method Database::prepare() in /home/ubuntu/workspace/URL_Project/index.php on line 9
[02-Oct-2018 21:01:45 UTC] PHP Stack trace:
[02-Oct-2018 21:01:45 UTC] PHP   1. {main}() /home/ubuntu/workspace/URL_Project/index.php:0
[02-Oct-2018 21:01:48 UTC] PHP Fatal error:  Call to undefined method Database::prepare() in /home/ubuntu/workspace/URL_Project/index.php on line 9
[02-Oct-2018 21:01:48 UTC] PHP Stack trace:
[02-Oct-2018 21:01:48 UTC] PHP   1. {main}() /home/ubuntu/workspace/URL_Project/index.php:0
[02-Oct-2018 21:23:33 UTC] PHP Fatal error:  Call to a member function setAttribute() on a non-object in /home/ubuntu/workspace/URL_Project/DB/Database.php on line 28
[02-Oct-2018 21:23:33 UTC] PHP Stack trace:
[02-Oct-2018 21:23:33 UTC] PHP   1. {main}() /home/ubuntu/workspace/URL_Project/index.php:0
[02-Oct-2018 21:23:33 UTC] PHP   2. Database->__construct() /home/ubuntu/workspace/URL_Project/index.php:5
[02-Oct-2018 21:23:58 UTC] PHP Fatal error:  Call to a member function setAttribute() on a non-object in /home/ubuntu/workspace/URL_Project/DB/Database.php on line 28
[02-Oct-2018 21:23:58 UTC] PHP Stack trace:
[02-Oct-2018 21:23:58 UTC] PHP   1. {main}() /home/ubuntu/workspace/URL_Project/index.php:0
[02-Oct-2018 21:23:58 UTC] PHP   2. Database->__construct() /home/ubuntu/workspace/URL_Project/index.php:5
[02-Oct-2018 21:24:43 UTC] PHP Fatal error:  Call to a member function getAttribute() on a non-object in /home/ubuntu/workspace/URL_Project/DB/Database.php on line 30
[02-Oct-2018 21:24:43 UTC] PHP Stack trace:
[02-Oct-2018 21:24:43 UTC] PHP   1. {main}() /home/ubuntu/workspace/URL_Project/index.php:0
[02-Oct-2018 21:24:43 UTC] PHP   2. Database->__construct() /home/ubuntu/workspace/URL_Project/index.php:5
[02-Oct-2018 21:25:43 UTC] PHP Fatal error:  Call to a member function getAttribute() on a non-object in /home/ubuntu/workspace/URL_Project/DB/Database.php on line 31
[02-Oct-2018 21:25:43 UTC] PHP Stack trace:
[02-Oct-2018 21:25:43 UTC] PHP   1. {main}() /home/ubuntu/workspace/URL_Project/index.php:0
[02-Oct-2018 21:25:43 UTC] PHP   2. Database->__construct() /home/ubuntu/workspace/URL_Project/index.php:5
[02-Oct-2018 21:25:53 UTC] PHP Fatal error:  Call to a member function getAttribute() on a non-object in /home/ubuntu/workspace/URL_Project/DB/Database.php on line 31
[02-Oct-2018 21:25:53 UTC] PHP Stack trace:
[02-Oct-2018 21:25:53 UTC] PHP   1. {main}() /home/ubuntu/workspace/URL_Project/index.php:0
[02-Oct-2018 21:25:53 UTC] PHP   2. Database->__construct() /home/ubuntu/workspace/URL_Project/index.php:5
[02-Oct-2018 21:25:55 UTC] PHP Fatal error:  Call to a member function getAttribute() on a non-object in /home/ubuntu/workspace/URL_Project/DB/Database.php on line 31
[02-Oct-2018 21:25:55 UTC] PHP Stack trace:
[02-Oct-2018 21:25:55 UTC] PHP   1. {main}() /home/ubuntu/workspace/URL_Project/index.php:0
[02-Oct-2018 21:25:55 UTC] PHP   2. Database->__construct() /home/ubuntu/workspace/URL_Project/index.php:5
[02-Oct-2018 21:26:24 UTC] PHP Fatal error:  Call to undefined method Database::prepare() in /home/ubuntu/workspace/URL_Project/index.php on line 9
[02-Oct-2018 21:26:24 UTC] PHP Stack trace:
[02-Oct-2018 21:26:24 UTC] PHP   1. {main}() /home/ubuntu/workspace/URL_Project/index.php:0
[02-Oct-2018 21:28:33 UTC] PHP Fatal error:  Call to undefined method Database::prepare() in /home/ubuntu/workspace/URL_Project/index.php on line 9
[02-Oct-2018 21:28:33 UTC] PHP Stack trace:
[02-Oct-2018 21:28:33 UTC] PHP   1. {main}() /home/ubuntu/workspace/URL_Project/index.php:0
[02-Oct-2018 21:31:29 UTC] PHP Fatal error:  Call to undefined method Database::prepare() in /home/ubuntu/workspace/URL_Project/index.php on line 9
[02-Oct-2018 21:31:29 UTC] PHP Stack trace:
[02-Oct-2018 21:31:29 UTC] PHP   1. {main}() /home/ubuntu/workspace/URL_Project/index.php:0
[02-Oct-2018 21:32:31 UTC] PHP Fatal error:  Class name must be a valid object or a string in /home/ubuntu/workspace/URL_Project/index.php on line 6
[02-Oct-2018 21:32:31 UTC] PHP Stack trace:
[02-Oct-2018 21:32:31 UTC] PHP   1. {main}() /home/ubuntu/workspace/URL_Project/index.php:0
[02-Oct-2018 21:45:05 UTC] PHP Fatal error:  Class name must be a valid object or a string in /home/ubuntu/workspace/URL_Project/index.php on line 6
[02-Oct-2018 21:45:05 UTC] PHP Stack trace:
[02-Oct-2018 21:45:05 UTC] PHP   1. {main}() /home/ubuntu/workspace/URL_Project/index.php:0
[02-Oct-2018 21:45:51 UTC] PHP Fatal error:  Call to private method Database::getInstance() from context '' in /home/ubuntu/workspace/URL_Project/index.php on line 6
[02-Oct-2018 21:45:51 UTC] PHP Stack trace:
[02-Oct-2018 21:45:51 UTC] PHP   1. {main}() /home/ubuntu/workspace/URL_Project/index.php:0
[02-Oct-2018 21:46:26 UTC] PHP Fatal error:  Call to undefined method Database::query() in /home/ubuntu/workspace/URL_Project/index.php on line 11
[02-Oct-2018 21:46:26 UTC] PHP Stack trace:
[02-Oct-2018 21:46:26 UTC] PHP   1. {main}() /home/ubuntu/workspace/URL_Project/index.php:0
[02-Oct-2018 21:46:28 UTC] PHP Fatal error:  Call to undefined method Database::query() in /home/ubuntu/workspace/URL_Project/index.php on line 11
[02-Oct-2018 21:46:28 UTC] PHP Stack trace:
[02-Oct-2018 21:46:28 UTC] PHP   1. {main}() /home/ubuntu/workspace/URL_Project/index.php:0
[02-Oct-2018 21:46:29 UTC] PHP Fatal error:  Call to undefined method Database::query() in /home/ubuntu/workspace/URL_Project/index.php on line 11
[02-Oct-2018 21:46:29 UTC] PHP Stack trace:
[02-Oct-2018 21:46:29 UTC] PHP   1. {main}() /home/ubuntu/workspace/URL_Project/index.php:0
[02-Oct-2018 21:46:30 UTC] PHP Fatal error:  Call to undefined method Database::query() in /home/ubuntu/workspace/URL_Project/index.php on line 11
[02-Oct-2018 21:46:30 UTC] PHP Stack trace:
[02-Oct-2018 21:46:30 UTC] PHP   1. {main}() /home/ubuntu/workspace/URL_Project/index.php:0
[02-Oct-2018 21:46:31 UTC] PHP Fatal error:  Call to undefined method Database::query() in /home/ubuntu/workspace/URL_Project/index.php on line 11
[02-Oct-2018 21:46:31 UTC] PHP Stack trace:
[02-Oct-2018 21:46:31 UTC] PHP   1. {main}() /home/ubuntu/workspace/URL_Project/index.php:0
[02-Oct-2018 21:46:32 UTC] PHP Fatal error:  Call to undefined method Database::query() in /home/ubuntu/workspace/URL_Project/index.php on line 11
[02-Oct-2018 21:46:32 UTC] PHP Stack trace:
[02-Oct-2018 21:46:32 UTC] PHP   1. {main}() /home/ubuntu/workspace/URL_Project/index.php:0
[02-Oct-2018 21:46:49 UTC] PHP Fatal error:  Call to undefined method Database::query() in /home/ubuntu/workspace/URL_Project/index.php on line 11
[02-Oct-2018 21:46:49 UTC] PHP Stack trace:
[02-Oct-2018 21:46:49 UTC] PHP   1. {main}() /home/ubuntu/workspace/URL_Project/index.php:0
[02-Oct-2018 21:47:32 UTC] PHP Fatal error:  Call to undefined method Database::query() in /home/ubuntu/workspace/URL_Project/index.php on line 11
[02-Oct-2018 21:47:32 UTC] PHP Stack trace:
[02-Oct-2018 21:47:32 UTC] PHP   1. {main}() /home/ubuntu/workspace/URL_Project/index.php:0
[02-Oct-2018 21:50:10 UTC] PHP Fatal error:  Call to undefined method Database::query() in /home/ubuntu/workspace/URL_Project/index.php on line 11
[02-Oct-2018 21:50:10 UTC] PHP Stack trace:
[02-Oct-2018 21:50:10 UTC] PHP   1. {main}() /home/ubuntu/workspace/URL_Project/index.php:0
[02-Oct-2018 21:52:45 UTC] PHP Fatal error:  Call to undefined method Database::query() in /home/ubuntu/workspace/URL_Project/index.php on line 15
[02-Oct-2018 21:52:45 UTC] PHP Stack trace:
[02-Oct-2018 21:52:45 UTC] PHP   1. {main}() /home/ubuntu/workspace/URL_Project/index.php:0
[02-Oct-2018 21:54:16 UTC] PHP Fatal error:  Call to undefined method Database::query() in /home/ubuntu/workspace/URL_Project/index.php on line 15
[02-Oct-2018 21:54:16 UTC] PHP Stack trace:
[02-Oct-2018 21:54:16 UTC] PHP   1. {main}() /home/ubuntu/workspace/URL_Project/index.php:0
[02-Oct-2018 21:54:22 UTC] PHP Fatal error:  Call to undefined method Database::query() in /home/ubuntu/workspace/URL_Project/index.php on line 15
[02-Oct-2018 21:54:22 UTC] PHP Stack trace:
[02-Oct-2018 21:54:22 UTC] PHP   1. {main}() /home/ubuntu/workspace/URL_Project/index.php:0
[02-Oct-2018 21:54:38 UTC] PHP Fatal error:  Call to undefined method Database::query() in /home/ubuntu/workspace/URL_Project/index.php on line 15
[02-Oct-2018 21:54:38 UTC] PHP Stack trace:
[02-Oct-2018 21:54:38 UTC] PHP   1. {main}() /home/ubuntu/workspace/URL_Project/index.php:0
[02-Oct-2018 22:00:10 UTC] PHP Parse error:  syntax error, unexpected '->' (T_OBJECT_OPERATOR) in /home/ubuntu/workspace/URL_Project/index.php on line 16
[02-Oct-2018 22:00:25 UTC] PHP Parse error:  syntax error, unexpected '->' (T_OBJECT_OPERATOR) in /home/ubuntu/workspace/URL_Project/index.php on line 16
[02-Oct-2018 22:01:37 UTC] PHP Fatal error:  Call to undefined method Database::query() in /home/ubuntu/workspace/URL_Project/index.php on line 16
[02-Oct-2018 22:01:37 UTC] PHP Stack trace:
[02-Oct-2018 22:01:37 UTC] PHP   1. {main}() /home/ubuntu/workspace/URL_Project/index.php:0
[02-Oct-2018 22:02:10 UTC] PHP Fatal error:  Call to undefined method Database::query() in /home/ubuntu/workspace/URL_Project/index.php on line 16
[02-Oct-2018 22:02:10 UTC] PHP Stack trace:
[02-Oct-2018 22:02:10 UTC] PHP   1. {main}() /home/ubuntu/workspace/URL_Project/index.php:0
[02-Oct-2018 22:03:25 UTC] PHP Fatal error:  Call to undefined method Database::query() in /home/ubuntu/workspace/URL_Project/index.php on line 16
[02-Oct-2018 22:03:25 UTC] PHP Stack trace:
[02-Oct-2018 22:03:25 UTC] PHP   1. {main}() /home/ubuntu/workspace/URL_Project/index.php:0
[02-Oct-2018 22:03:50 UTC] PHP Fatal error:  Call to undefined method Database::query() in /home/ubuntu/workspace/URL_Project/index.php on line 16
[02-Oct-2018 22:03:50 UTC] PHP Stack trace:
[02-Oct-2018 22:03:50 UTC] PHP   1. {main}() /home/ubuntu/workspace/URL_Project/index.php:0
[02-Oct-2018 22:08:01 UTC] PHP Fatal error:  Call to undefined method Database::query() in /home/ubuntu/workspace/URL_Project/index.php on line 16
[02-Oct-2018 22:08:01 UTC] PHP Stack trace:
[02-Oct-2018 22:08:01 UTC] PHP   1. {main}() /home/ubuntu/workspace/URL_Project/index.php:0
[02-Oct-2018 22:16:09 UTC] PHP Fatal error:  Call to a member function prepare() on a non-object in /home/ubuntu/workspace/URL_Project/DB/Database.php on line 62
[02-Oct-2018 22:16:09 UTC] PHP Stack trace:
[02-Oct-2018 22:16:09 UTC] PHP   1. {main}() /home/ubuntu/workspace/URL_Project/index.php:0
[02-Oct-2018 22:16:09 UTC] PHP   2. Database->query() /home/ubuntu/workspace/URL_Project/index.php:16
[02-Oct-2018 22:17:16 UTC] PHP Fatal error:  Call to undefined method Database::fetch() in /home/ubuntu/workspace/URL_Project/index.php on line 18
[02-Oct-2018 22:17:16 UTC] PHP Stack trace:
[02-Oct-2018 22:17:16 UTC] PHP   1. {main}() /home/ubuntu/workspace/URL_Project/index.php:0
[02-Oct-2018 22:17:50 UTC] PHP Fatal error:  Call to undefined method Database::fetch() in /home/ubuntu/workspace/URL_Project/index.php on line 18
[02-Oct-2018 22:17:50 UTC] PHP Stack trace:
[02-Oct-2018 22:17:50 UTC] PHP   1. {main}() /home/ubuntu/workspace/URL_Project/index.php:0
[02-Oct-2018 22:17:52 UTC] PHP Fatal error:  Call to undefined method Database::fetch() in /home/ubuntu/workspace/URL_Project/index.php on line 18
[02-Oct-2018 22:17:52 UTC] PHP Stack trace:
[02-Oct-2018 22:17:52 UTC] PHP   1. {main}() /home/ubuntu/workspace/URL_Project/index.php:0
[02-Oct-2018 22:23:43 UTC] PHP Fatal error:  Call to undefined method Database::fetch() in /home/ubuntu/workspace/URL_Project/index.php on line 18
[02-Oct-2018 22:23:43 UTC] PHP Stack trace:
[02-Oct-2018 22:23:43 UTC] PHP   1. {main}() /home/ubuntu/workspace/URL_Project/index.php:0
[02-Oct-2018 22:27:00 UTC] PHP Fatal error:  Cannot use object of type PDOStatement as array in /home/ubuntu/workspace/URL_Project/index.php on line 22
[02-Oct-2018 22:27:00 UTC] PHP Stack trace:
[02-Oct-2018 22:27:00 UTC] PHP   1. {main}() /home/ubuntu/workspace/URL_Project/index.php:0
[02-Oct-2018 22:27:38 UTC] PHP Fatal error:  Cannot use object of type PDOStatement as array in /home/ubuntu/workspace/URL_Project/index.php on line 22
[02-Oct-2018 22:27:38 UTC] PHP Stack trace:
[02-Oct-2018 22:27:38 UTC] PHP   1. {main}() /home/ubuntu/workspace/URL_Project/index.php:0
[02-Oct-2018 22:35:10 UTC] PHP Fatal error:  Call to undefined method Database::getResults() in /home/ubuntu/workspace/URL_Project/index.php on line 17
[02-Oct-2018 22:35:10 UTC] PHP Stack trace:
[02-Oct-2018 22:35:10 UTC] PHP   1. {main}() /home/ubuntu/workspace/URL_Project/index.php:0
[02-Oct-2018 22:35:17 UTC] PHP Fatal error:  Call to undefined method Database::getResults() in /home/ubuntu/workspace/URL_Project/index.php on line 17
[02-Oct-2018 22:35:17 UTC] PHP Stack trace:
[02-Oct-2018 22:35:17 UTC] PHP   1. {main}() /home/ubuntu/workspace/URL_Project/index.php:0
[02-Oct-2018 22:35:58 UTC] PHP Fatal error:  Call to a member function count() on a non-object in /home/ubuntu/workspace/URL_Project/index.php on line 20
[02-Oct-2018 22:35:58 UTC] PHP Stack trace:
[02-Oct-2018 22:35:58 UTC] PHP   1. {main}() /home/ubuntu/workspace/URL_Project/index.php:0
[03-Oct-2018 00:13:55 UTC] PHP Parse error:  syntax error, unexpected '2' (T_LNUMBER), expecting variable (T_VARIABLE) or '$' in /home/ubuntu/workspace/URL_Project/index.php on line 12
[03-Oct-2018 00:51:38 UTC] PHP Fatal error:  Call to a member function count() on a non-object in /home/ubuntu/workspace/URL_Project/index.php on line 33
[03-Oct-2018 00:51:38 UTC] PHP Stack trace:
[03-Oct-2018 00:51:38 UTC] PHP   1. {main}() /home/ubuntu/workspace/URL_Project/index.php:0
[03-Oct-2018 00:55:05 UTC] PHP Fatal error:  Call to a member function count() on a non-object in /home/ubuntu/workspace/URL_Project/index.php on line 33
[03-Oct-2018 00:55:05 UTC] PHP Stack trace:
[03-Oct-2018 00:55:05 UTC] PHP   1. {main}() /home/ubuntu/workspace/URL_Project/index.php:0
[03-Oct-2018 00:58:31 UTC] PHP Fatal error:  Call to a member function count() on a non-object in /home/ubuntu/workspace/URL_Project/index.php on line 33
[03-Oct-2018 00:58:31 UTC] PHP Stack trace:
[03-Oct-2018 00:58:31 UTC] PHP   1. {main}() /home/ubuntu/workspace/URL_Project/index.php:0
[03-Oct-2018 01:02:20 UTC] PHP Warning:  Missing argument 2 for Database::get(), called in /home/ubuntu/workspace/URL_Project/index.php on line 30 and defined in /home/ubuntu/workspace/URL_Project/DB/Database.php on line 132
[03-Oct-2018 01:02:20 UTC] PHP Stack trace:
[03-Oct-2018 01:02:20 UTC] PHP   1. {main}() /home/ubuntu/workspace/URL_Project/index.php:0
[03-Oct-2018 01:02:20 UTC] PHP   2. Database->get() /home/ubuntu/workspace/URL_Project/index.php:30
[03-Oct-2018 01:02:20 UTC] PHP Fatal error:  Call to a member function count() on a non-object in /home/ubuntu/workspace/URL_Project/index.php on line 33
[03-Oct-2018 01:02:20 UTC] PHP Stack trace:
[03-Oct-2018 01:02:20 UTC] PHP   1. {main}() /home/ubuntu/workspace/URL_Project/index.php:0
[03-Oct-2018 01:40:28 UTC] PHP Parse error:  syntax error, unexpected '=' in /home/ubuntu/workspace/URL_Project/index.php on line 46
[03-Oct-2018 03:21:30 UTC] PHP Parse error:  syntax error, unexpected ')' in /home/ubuntu/workspace/URL_Project/index.php on line 17
[03-Oct-2018 03:29:26 UTC] PHP Parse error:  syntax error, unexpected '' (T_ENCAPSED_AND_WHITESPACE), expecting identifier (T_STRING) or variable (T_VARIABLE) or number (T_NUM_STRING) in /home/ubuntu/workspace/URL_Project/index.php on line 28
[03-Oct-2018 03:31:48 UTC] PHP Parse error:  syntax error, unexpected '' (T_ENCAPSED_AND_WHITESPACE), expecting identifier (T_STRING) or variable (T_VARIABLE) or number (T_NUM_STRING) in /home/ubuntu/workspace/URL_Project/index.php on line 28
[03-Oct-2018 05:06:10 UTC] PHP Warning:  fclose() expects parameter 1 to be resource, string given in /home/ubuntu/workspace/URL_Project/config/Config.php on line 4
[03-Oct-2018 05:06:10 UTC] PHP Stack trace:
[03-Oct-2018 05:06:10 UTC] PHP   1. {main}() /home/ubuntu/workspace/URL_Project/Validation.php:0
[03-Oct-2018 05:06:10 UTC] PHP   2. require_once() /home/ubuntu/workspace/URL_Project/Validation.php:2
[03-Oct-2018 05:06:10 UTC] PHP   3. require_once() /home/ubuntu/workspace/URL_Project/DB/Database.php:3
[03-Oct-2018 05:06:10 UTC] PHP   4. fclose(*uninitialized*) /home/ubuntu/workspace/URL_Project/config/Config.php:4
[03-Oct-2018 05:06:10 UTC] PHP Warning:  fclose() expects parameter 1 to be resource, string given in /home/ubuntu/workspace/URL_Project/config/Config.php on line 5
[03-Oct-2018 05:06:10 UTC] PHP Stack trace:
[03-Oct-2018 05:06:10 UTC] PHP   1. {main}() /home/ubuntu/workspace/URL_Project/Validation.php:0
[03-Oct-2018 05:06:10 UTC] PHP   2. require_once() /home/ubuntu/workspace/URL_Project/Validation.php:2
[03-Oct-2018 05:06:10 UTC] PHP   3. require_once() /home/ubuntu/workspace/URL_Project/DB/Database.php:3
[03-Oct-2018 05:06:10 UTC] PHP   4. fclose(*uninitialized*) /home/ubuntu/workspace/URL_Project/config/Config.php:5
[03-Oct-2018 05:37:24 UTC] PHP Warning:  fclose() expects parameter 1 to be resource, string given in /home/ubuntu/workspace/URL_Project/config/Config.php on line 4
[03-Oct-2018 05:37:24 UTC] PHP Stack trace:
[03-Oct-2018 05:37:24 UTC] PHP   1. {main}() /home/ubuntu/workspace/URL_Project/Validation.php:0
[03-Oct-2018 05:37:24 UTC] PHP   2. require_once() /home/ubuntu/workspace/URL_Project/Validation.php:2
[03-Oct-2018 05:37:24 UTC] PHP   3. require_once() /home/ubuntu/workspace/URL_Project/DB/Database.php:3
[03-Oct-2018 05:37:24 UTC] PHP   4. fclose(*uninitialized*) /home/ubuntu/workspace/URL_Project/config/Config.php:4
[03-Oct-2018 05:37:24 UTC] PHP Warning:  fclose() expects parameter 1 to be resource, string given in /home/ubuntu/workspace/URL_Project/config/Config.php on line 5
[03-Oct-2018 05:37:24 UTC] PHP Stack trace:
[03-Oct-2018 05:37:24 UTC] PHP   1. {main}() /home/ubuntu/workspace/URL_Project/Validation.php:0
[03-Oct-2018 05:37:24 UTC] PHP   2. require_once() /home/ubuntu/workspace/URL_Project/Validation.php:2
[03-Oct-2018 05:37:24 UTC] PHP   3. require_once() /home/ubuntu/workspace/URL_Project/DB/Database.php:3
[03-Oct-2018 05:37:24 UTC] PHP   4. fclose(*uninitialized*) /home/ubuntu/workspace/URL_Project/config/Config.php:5
[03-Oct-2018 05:37:24 UTC] PHP Warning:  require_once(Redirect.php): failed to open stream: No such file or directory in /home/ubuntu/workspace/URL_Project/Validation.php on line 5
[03-Oct-2018 05:37:24 UTC] PHP Stack trace:
[03-Oct-2018 05:37:24 UTC] PHP   1. {main}() /home/ubuntu/workspace/URL_Project/Validation.php:0
[03-Oct-2018 05:37:24 UTC] PHP Fatal error:  require_once(): Failed opening required 'Redirect.php' (include_path='.:/usr/share/php:/usr/share/pear') in /home/ubuntu/workspace/URL_Project/Validation.php on line 5
[03-Oct-2018 05:37:24 UTC] PHP Stack trace:
[03-Oct-2018 05:37:24 UTC] PHP   1. {main}() /home/ubuntu/workspace/URL_Project/Validation.php:0
[03-Oct-2018 05:39:00 UTC] PHP Warning:  fclose() expects parameter 1 to be resource, string given in /home/ubuntu/workspace/URL_Project/config/Config.php on line 4
[03-Oct-2018 05:39:00 UTC] PHP Stack trace:
[03-Oct-2018 05:39:00 UTC] PHP   1. {main}() /home/ubuntu/workspace/URL_Project/Validation.php:0
[03-Oct-2018 05:39:00 UTC] PHP   2. require_once() /home/ubuntu/workspace/URL_Project/Validation.php:2
[03-Oct-2018 05:39:00 UTC] PHP   3. require_once() /home/ubuntu/workspace/URL_Project/DB/Database.php:3
[03-Oct-2018 05:39:00 UTC] PHP   4. fclose(*uninitialized*) /home/ubuntu/workspace/URL_Project/config/Config.php:4
[03-Oct-2018 05:39:00 UTC] PHP Warning:  fclose() expects parameter 1 to be resource, string given in /home/ubuntu/workspace/URL_Project/config/Config.php on line 5
[03-Oct-2018 05:39:00 UTC] PHP Stack trace:
[03-Oct-2018 05:39:00 UTC] PHP   1. {main}() /home/ubuntu/workspace/URL_Project/Validation.php:0
[03-Oct-2018 05:39:00 UTC] PHP   2. require_once() /home/ubuntu/workspace/URL_Project/Validation.php:2
[03-Oct-2018 05:39:00 UTC] PHP   3. require_once() /home/ubuntu/workspace/URL_Project/DB/Database.php:3
[03-Oct-2018 05:39:00 UTC] PHP   4. fclose(*uninitialized*) /home/ubuntu/workspace/URL_Project/config/Config.php:5
[03-Oct-2018 05:57:50 UTC] PHP Parse error:  syntax error, unexpected 'else' (T_ELSE) in /home/ubuntu/workspace/URL_Project/Validation.php on line 80
[03-Oct-2018 05:59:20 UTC] PHP Parse error:  syntax error, unexpected 'else' (T_ELSE) in /home/ubuntu/workspace/URL_Project/Validation.php on line 80
[03-Oct-2018 06:01:04 UTC] No rows returned.
[03-Oct-2018 06:04:08 UTC] No rows returned.
[03-Oct-2018 06:04:47 UTC] No rows returned.
[03-Oct-2018 06:09:57 UTC] No rows returned.
[03-Oct-2018 06:22:40 UTC] No rows returned.
[03-Oct-2018 06:23:57 UTC] No rows returned.
[03-Oct-2018 06:26:05 UTC] Login not OK
[03-Oct-2018 06:36:39 UTC] Login not OK
[03-Oct-2018 06:36:50 UTC] No rows returned.
