[06-Oct-2018 18:04:02 UTC] PHP Fatal error:  Class 'Token' not found in /home/ubuntu/workspace/PROJECTS/login _ register/includes/login_short_frontend.php on line 19
[06-Oct-2018 18:04:02 UTC] PHP Stack trace:
[06-Oct-2018 18:04:02 UTC] PHP   1. {main}() /home/ubuntu/workspace/PROJECTS/login _ register/includes/login_short_frontend.php:0
[06-Oct-2018 18:05:20 UTC] PHP Warning:  require(core/init.php): failed to open stream: No such file or directory in /home/ubuntu/workspace/PROJECTS/login _ register/includes/login_short_frontend.php on line 2
[06-Oct-2018 18:05:20 UTC] PHP Stack trace:
[06-Oct-2018 18:05:20 UTC] PHP   1. {main}() /home/ubuntu/workspace/PROJECTS/login _ register/includes/login_short_frontend.php:0
[06-Oct-2018 18:05:20 UTC] PHP Fatal error:  require(): Failed opening required 'core/init.php' (include_path='.:/usr/share/php:/usr/share/pear') in /home/ubuntu/workspace/PROJECTS/login _ register/includes/login_short_frontend.php on line 2
[06-Oct-2018 18:05:20 UTC] PHP Stack trace:
[06-Oct-2018 18:05:20 UTC] PHP   1. {main}() /home/ubuntu/workspace/PROJECTS/login _ register/includes/login_short_frontend.php:0
[06-Oct-2018 18:59:18 UTC] PHP Parse error:  syntax error, unexpected ''<br>'' (T_CONSTANT_ENCAPSED_STRING), expecting ',' or ';' in /home/ubuntu/workspace/PROJECTS/login _ register/includes/login_short_backend.php on line 44
[06-Oct-2018 18:59:50 UTC] PHP Parse error:  syntax error, unexpected '}' in /home/ubuntu/workspace/PROJECTS/login _ register/includes/login_short_backend.php on line 55
[06-Oct-2018 19:14:31 UTC] PHP Parse error:  syntax error, unexpected ',' in /home/ubuntu/workspace/PROJECTS/login _ register/includes/login_short_backend.php on line 41
[06-Oct-2018 21:43:23 UTC] PHP Fatal error:  Call to undefined method Token::get() in /home/ubuntu/workspace/PROJECTS/login _ register/includes/login_fe_ajax.php on line 21
[06-Oct-2018 21:43:23 UTC] PHP Stack trace:
[06-Oct-2018 21:43:23 UTC] PHP   1. {main}() /home/ubuntu/workspace/PROJECTS/login _ register/includes/login_fe_ajax.php:0
[07-Oct-2018 03:02:09 UTC] PHP Warning:  file_get_contents(http://api.openweathermap.org/data/2.5/weather?q=kansas city,us&appid=e44e3488ccc2774c03bddffbb8161aed): failed to open stream: HTTP request failed!  in /home/ubuntu/workspace/PROJECTS/login _ register/classes/Weather.php on line 14
[07-Oct-2018 03:02:09 UTC] PHP Stack trace:
[07-Oct-2018 03:02:09 UTC] PHP   1. {main}() /home/ubuntu/workspace/PROJECTS/login _ register/includes/weather_info.php:0
[07-Oct-2018 03:02:09 UTC] PHP   2. Weather->__construct() /home/ubuntu/workspace/PROJECTS/login _ register/includes/weather_info.php:27
[07-Oct-2018 03:02:09 UTC] PHP   3. file_get_contents() /home/ubuntu/workspace/PROJECTS/login _ register/classes/Weather.php:14
[07-Oct-2018 07:42:44 UTC] PHP Parse error:  syntax error, unexpected '$_SESSION' (T_VARIABLE), expecting '(' in /home/ubuntu/workspace/PROJECTS/login _ register/includes/login_fe_ajax.php on line 7
[07-Oct-2018 07:45:09 UTC] PHP Parse error:  syntax error, unexpected ')', expecting ']' in /home/ubuntu/workspace/PROJECTS/login _ register/includes/login_be_ajax.php on line 20
[07-Oct-2018 07:46:16 UTC] PHP Parse error:  syntax error, unexpected ')', expecting ']' in /home/ubuntu/workspace/PROJECTS/login _ register/includes/login_be_ajax.php on line 20
[07-Oct-2018 07:46:20 UTC] PHP Parse error:  syntax error, unexpected ')', expecting ']' in /home/ubuntu/workspace/PROJECTS/login _ register/includes/login_be_ajax.php on line 20
[07-Oct-2018 07:47:52 UTC] PHP Parse error:  syntax error, unexpected '}' in /home/ubuntu/workspace/PROJECTS/login _ register/includes/login_be_ajax.php on line 74
[07-Oct-2018 08:02:15 UTC] PHP Fatal error:  Call to a member function count() on a non-object in /home/ubuntu/workspace/PROJECTS/login _ register/classes/User.php on line 51
[07-Oct-2018 08:02:15 UTC] PHP Stack trace:
[07-Oct-2018 08:02:15 UTC] PHP   1. {main}() /home/ubuntu/workspace/PROJECTS/login _ register/includes/login_be_ajax.php:0
[07-Oct-2018 08:02:15 UTC] PHP   2. User->login($email = *uninitialized*, $password = *uninitialized*, $remember = *uninitialized*) /home/ubuntu/workspace/PROJECTS/login _ register/includes/login_be_ajax.php:48
[07-Oct-2018 08:02:15 UTC] PHP   3. User->find($email = *uninitialized*) /home/ubuntu/workspace/PROJECTS/login _ register/classes/User.php:86
[07-Oct-2018 08:12:30 UTC] PHP Fatal error:  Call to a member function count() on a non-object in /home/ubuntu/workspace/PROJECTS/login _ register/classes/User.php on line 51
[07-Oct-2018 08:12:30 UTC] PHP Stack trace:
[07-Oct-2018 08:12:30 UTC] PHP   1. {main}() /home/ubuntu/workspace/PROJECTS/login _ register/includes/login_be_ajax.php:0
[07-Oct-2018 08:12:30 UTC] PHP   2. User->login($email = *uninitialized*, $password = *uninitialized*, $remember = *uninitialized*) /home/ubuntu/workspace/PROJECTS/login _ register/includes/login_be_ajax.php:49
[07-Oct-2018 08:12:30 UTC] PHP   3. User->find($email = *uninitialized*) /home/ubuntu/workspace/PROJECTS/login _ register/classes/User.php:86
[07-Oct-2018 08:41:42 UTC] PHP Fatal error:  Call to undefined method Validate::check() in /home/ubuntu/workspace/PROJECTS/login _ register/includes/register_works.php on line 12
[07-Oct-2018 08:41:42 UTC] PHP Stack trace:
[07-Oct-2018 08:41:42 UTC] PHP   1. {main}() /home/ubuntu/workspace/PROJECTS/login _ register/includes/register_works.php:0
[07-Oct-2018 08:44:15 UTC] PHP Fatal error:  Call to undefined method Validate::check() in /home/ubuntu/workspace/PROJECTS/login _ register/includes/register_works.php on line 12
[07-Oct-2018 08:44:15 UTC] PHP Stack trace:
[07-Oct-2018 08:44:15 UTC] PHP   1. {main}() /home/ubuntu/workspace/PROJECTS/login _ register/includes/register_works.php:0
[07-Oct-2018 08:45:23 UTC] PHP Fatal error:  Call to undefined method Validate::check() in /home/ubuntu/workspace/PROJECTS/login _ register/includes/register_works.php on line 12
[07-Oct-2018 08:45:23 UTC] PHP Stack trace:
[07-Oct-2018 08:45:23 UTC] PHP   1. {main}() /home/ubuntu/workspace/PROJECTS/login _ register/includes/register_works.php:0
[08-Oct-2018 03:47:32 UTC] PHP Parse error:  syntax error, unexpected 'inside' (T_STRING), expecting ',' or ';' in /home/ubuntu/workspace/PROJECTS/login _ register/includes/weather_info.php on line 10
[08-Oct-2018 05:14:31 UTC] PHP Parse error:  syntax error, unexpected '$clean' (T_VARIABLE) in /home/ubuntu/workspace/PROJECTS/login _ register/includes/weather_info.php on line 12
[08-Oct-2018 05:21:11 UTC] PHP Parse error:  syntax error, unexpected 'return' (T_RETURN), expecting ',' or ';' in /home/ubuntu/workspace/PROJECTS/login _ register/includes/weather_info.php on line 26
[08-Oct-2018 05:22:36 UTC] PHP Warning:  file_get_contents(http://api.openweathermap.org/data/2.5/weather?q=San Francis,US&appid=e44e3488ccc2774c03bddffbb8161aed): failed to open stream: HTTP request failed! HTTP/1.1 404 Not Found
 in /home/ubuntu/workspace/PROJECTS/login _ register/classes/Weather.php on line 14
[08-Oct-2018 05:22:36 UTC] PHP Stack trace:
[08-Oct-2018 05:22:36 UTC] PHP   1. {main}() /home/ubuntu/workspace/PROJECTS/login _ register/includes/weather_info.php:0
[08-Oct-2018 05:22:36 UTC] PHP   2. Weather->__construct($url = *uninitialized*) /home/ubuntu/workspace/PROJECTS/login _ register/includes/weather_info.php:40
[08-Oct-2018 05:22:36 UTC] PHP   3. file_get_contents(*uninitialized*) /home/ubuntu/workspace/PROJECTS/login _ register/classes/Weather.php:14
[08-Oct-2018 05:40:14 UTC] PHP Parse error:  syntax error, unexpected '==' (T_IS_EQUAL) in /home/ubuntu/workspace/PROJECTS/login _ register/includes/weather_info.php on line 51
[08-Oct-2018 13:37:40 UTC] PHP Parse error:  syntax error, unexpected 'echo' (T_ECHO), expecting ']' in /home/ubuntu/workspace/PROJECTS/login _ register/includes/weather_info.php on line 40
[08-Oct-2018 13:38:41 UTC] PHP Parse error:  syntax error, unexpected 'echo' (T_ECHO), expecting ']' in /home/ubuntu/workspace/PROJECTS/login _ register/includes/weather_info.php on line 40
[08-Oct-2018 13:39:41 UTC] PHP Parse error:  syntax error, unexpected 'echo' (T_ECHO), expecting ']' in /home/ubuntu/workspace/PROJECTS/login _ register/includes/weather_info.php on line 40
[08-Oct-2018 13:40:42 UTC] PHP Parse error:  syntax error, unexpected '}' in /home/ubuntu/workspace/PROJECTS/login _ register/includes/weather_info.php on line 52
[08-Oct-2018 13:40:52 UTC] PHP Parse error:  syntax error, unexpected '}' in /home/ubuntu/workspace/PROJECTS/login _ register/includes/weather_info.php on line 52
