[29-Sep-2018 17:02:59 UTC] PHP Notice:  Use of undefined constant CURLOPT_GET - assumed 'CURLOPT_GET' in /home/ubuntu/workspace/PHP_Study/RESTFUL/CONSUMING/curl.1.php on line 20
[29-Sep-2018 17:02:59 UTC] PHP Stack trace:
[29-Sep-2018 17:02:59 UTC] PHP   1. {main}() /home/ubuntu/workspace/PHP_Study/RESTFUL/CONSUMING/curl.1.php:0
[29-Sep-2018 17:02:59 UTC] PHP Warning:  curl_setopt() expects parameter 2 to be long, string given in /home/ubuntu/workspace/PHP_Study/RESTFUL/CONSUMING/curl.1.php on line 20
[29-Sep-2018 17:02:59 UTC] PHP Stack trace:
[29-Sep-2018 17:02:59 UTC] PHP   1. {main}() /home/ubuntu/workspace/PHP_Study/RESTFUL/CONSUMING/curl.1.php:0
[29-Sep-2018 17:02:59 UTC] PHP   2. curl_setopt() /home/ubuntu/workspace/PHP_Study/RESTFUL/CONSUMING/curl.1.php:20
[29-Sep-2018 17:21:11 UTC] PHP Warning:  curl_setopt() expects parameter 1 to be resource, null given in /home/ubuntu/workspace/PHP_Study/RESTFUL/CONSUMING/curl2.php on line 7
[29-Sep-2018 17:21:11 UTC] PHP Stack trace:
[29-Sep-2018 17:21:11 UTC] PHP   1. {main}() /home/ubuntu/workspace/PHP_Study/RESTFUL/CONSUMING/curl2.php:0
[29-Sep-2018 17:21:11 UTC] PHP   2. curl_setopt() /home/ubuntu/workspace/PHP_Study/RESTFUL/CONSUMING/curl2.php:7
[29-Sep-2018 17:21:11 UTC] PHP Warning:  curl_setopt() expects parameter 1 to be resource, null given in /home/ubuntu/workspace/PHP_Study/RESTFUL/CONSUMING/curl2.php on line 9
[29-Sep-2018 17:21:11 UTC] PHP Stack trace:
[29-Sep-2018 17:21:11 UTC] PHP   1. {main}() /home/ubuntu/workspace/PHP_Study/RESTFUL/CONSUMING/curl2.php:0
[29-Sep-2018 17:21:11 UTC] PHP   2. curl_setopt() /home/ubuntu/workspace/PHP_Study/RESTFUL/CONSUMING/curl2.php:9
[29-Sep-2018 17:23:19 UTC] PHP Warning:  curl_exec() expects parameter 1 to be resource, null given in /home/ubuntu/workspace/PHP_Study/RESTFUL/CONSUMING/curl2.php on line 11
[29-Sep-2018 17:23:19 UTC] PHP Stack trace:
[29-Sep-2018 17:23:19 UTC] PHP   1. {main}() /home/ubuntu/workspace/PHP_Study/RESTFUL/CONSUMING/curl2.php:0
[29-Sep-2018 17:23:19 UTC] PHP   2. curl_exec() /home/ubuntu/workspace/PHP_Study/RESTFUL/CONSUMING/curl2.php:11
[29-Sep-2018 17:23:19 UTC] PHP Warning:  curl_close() expects parameter 1 to be resource, null given in /home/ubuntu/workspace/PHP_Study/RESTFUL/CONSUMING/curl2.php on line 15
[29-Sep-2018 17:23:19 UTC] PHP Stack trace:
[29-Sep-2018 17:23:19 UTC] PHP   1. {main}() /home/ubuntu/workspace/PHP_Study/RESTFUL/CONSUMING/curl2.php:0
[29-Sep-2018 17:23:19 UTC] PHP   2. curl_close() /home/ubuntu/workspace/PHP_Study/RESTFUL/CONSUMING/curl2.php:15
[29-Sep-2018 18:04:56 UTC] PHP Warning:  require_once(HTTP/Request2.php): failed to open stream: No such file or directory in /home/ubuntu/workspace/PHP_Study/RESTFUL/CONSUMING/http_request.php on line 4
[29-Sep-2018 18:04:56 UTC] PHP Stack trace:
[29-Sep-2018 18:04:56 UTC] PHP   1. {main}() /home/ubuntu/workspace/PHP_Study/RESTFUL/CONSUMING/http_request.php:0
[29-Sep-2018 18:04:56 UTC] PHP Fatal error:  require_once(): Failed opening required 'HTTP/Request2.php' (include_path='.:/usr/share/php:/usr/share/pear') in /home/ubuntu/workspace/PHP_Study/RESTFUL/CONSUMING/http_request.php on line 4
[29-Sep-2018 18:04:56 UTC] PHP Stack trace:
[29-Sep-2018 18:04:56 UTC] PHP   1. {main}() /home/ubuntu/workspace/PHP_Study/RESTFUL/CONSUMING/http_request.php:0
